2022-04-02 22:58:19,258:INFO:PyCaret Supervised Module
2022-04-02 22:58:19,259:INFO:ML Usecase: classification
2022-04-02 22:58:19,259:INFO:version 2.3.6
2022-04-02 22:58:19,259:INFO:Initializing setup()
2022-04-02 22:58:19,259:INFO:setup(target=Eclipse Type, ml_usecase=classification, available_plots={'parameter': 'Hyperparameters', 'auc': 'AUC', 'confusion_matrix': 'Confusion Matrix', 'threshold': 'Threshold', 'pr': 'Precision Recall', 'error': 'Prediction Error', 'class_report': 'Class Report', 'rfe': 'Feature Selection', 'learning': 'Learning Curve', 'manifold': 'Manifold Learning', 'calibration': 'Calibration Curve', 'vc': 'Validation Curve', 'dimension': 'Dimensions', 'feature': 'Feature Importance', 'feature_all': 'Feature Importance (All)', 'boundary': 'Decision Boundary', 'lift': 'Lift Chart', 'gain': 'Gain Chart', 'tree': 'Decision Tree', 'ks': 'KS Statistic Plot'}, train_size=0.7, test_data=None, preprocess=True, imputation_type=simple, iterative_imputation_iters=5, categorical_features=None, categorical_imputation=constant, categorical_iterative_imputer=lightgbm, ordinal_features=None, high_cardinality_features=None, high_cardinality_method=frequency, numeric_features=None, numeric_imputation=mean, numeric_iterative_imputer=lightgbm, date_features=None, ignore_features=None, normalize=False, normalize_method=zscore, transformation=False, transformation_method=yeo-johnson, handle_unknown_categorical=True, unknown_categorical_method=least_frequent, pca=False, pca_method=linear, pca_components=None, ignore_low_variance=False, combine_rare_levels=False, rare_level_threshold=0.1, bin_numeric_features=None, remove_outliers=False, outliers_threshold=0.05, remove_multicollinearity=False, multicollinearity_threshold=0.9, remove_perfect_collinearity=False, create_clusters=False, cluster_iter=20, polynomial_features=False, polynomial_degree=2, trigonometry_features=False, polynomial_threshold=0.1, group_features=None, group_names=None, feature_selection=False, feature_selection_threshold=0.8, feature_selection_method=classic, feature_interaction=False, feature_ratio=False, interaction_threshold=0.01, fix_imbalance=False, fix_imbalance_method=None, transform_target=False, transform_target_method=box-cox, data_split_shuffle=True, data_split_stratify=False, fold_strategy=stratifiedkfold, fold=10, fold_shuffle=False, fold_groups=None, n_jobs=-1, use_gpu=False, custom_pipeline=None, html=True, session_id=None, log_experiment=False, experiment_name=None, log_plots=False, log_profile=False, log_data=False, silent=False, verbose=True, profile=False, profile_kwargs=None, display=None)
2022-04-02 22:58:19,261:INFO:Checking environment
2022-04-02 22:58:19,261:INFO:python_version: 3.9.6
2022-04-02 22:58:19,261:INFO:python_build: ('tags/v3.9.6:db3ff76', 'Jun 28 2021 15:26:21')
2022-04-02 22:58:19,261:INFO:machine: AMD64
2022-04-02 22:58:19,298:INFO:platform: Windows-10-10.0.22000-SP0
2022-04-02 22:58:19,299:WARNING:cannot find psutil installation. memory not traceable. Install psutil using pip to enable memory logging.
2022-04-02 22:58:19,299:INFO:Checking libraries
2022-04-02 22:58:19,299:INFO:pd==1.3.4
2022-04-02 22:58:19,299:INFO:numpy==1.19.5
2022-04-02 22:58:19,299:INFO:sklearn==0.23.2
2022-04-02 22:58:19,300:INFO:lightgbm==3.3.2
2022-04-02 22:58:19,300:WARNING:catboost not found
2022-04-02 22:58:19,301:WARNING:xgboost not found
2022-04-02 22:58:19,608:INFO:mlflow==1.23.1
2022-04-02 22:58:19,609:INFO:Checking Exceptions
2022-04-02 22:58:19,609:INFO:Declaring global variables
2022-04-02 22:58:19,609:INFO:USI: 35d8
2022-04-02 22:58:19,609:INFO:pycaret_globals: {'master_model_container', 'display_container', 'data_before_preprocess', 'html_param', 'fold_param', 'exp_name_log', '_gpu_n_jobs_param', 'fold_groups_param_full', 'iterative_imputation_iters_param', 'X', 'log_plots_param', 'fix_imbalance_param', 'fold_shuffle_param', 'prep_pipe', 'X_test', 'seed', '_all_models_internal', 'target_param', 'fold_groups_param', '_ml_usecase', 'gpu_param', '_internal_pipeline', 'y_test', 'USI', 'y_train', 'create_model_container', 'fold_generator', 'logging_param', '_all_metrics', 'transform_target_method_param', 'n_jobs_param', 'X_train', 'imputation_classifier', 'stratify_param', 'pycaret_globals', '_all_models', 'y', 'transform_target_param', 'imputation_regressor', '_available_plots', 'experiment__', 'fix_imbalance_method_param'}
2022-04-02 22:58:19,609:INFO:Preparing display monitor
2022-04-02 22:58:19,609:INFO:Preparing display monitor
2022-04-02 22:58:19,621:INFO:Importing libraries
2022-04-02 22:58:19,621:INFO:Copying data for preprocessing
2022-04-02 22:58:19,631:INFO:Declaring preprocessing parameters
2022-04-02 22:58:19,633:INFO:Creating preprocessing pipeline
2022-04-02 22:58:19,643:INFO:Preprocessing pipeline created successfully
2022-04-02 22:58:19,644:ERROR:(Process Exit): setup has been interupted with user command 'quit'. setup must rerun.
2022-04-02 22:58:19,644:INFO:Creating global containers
2022-04-02 22:58:19,645:INFO:Internal pipeline: Pipeline(memory=None, steps=[('empty_step', 'passthrough')], verbose=False)
